<?xml version="1.0" encoding="UTF-8"?>
<testng-results ignored="24" total="25" passed="1" failed="0" skipped="0">
  <reporter-output>
  </reporter-output>
  <suite started-at="2023-05-24T01:01:56 IST" name="Default suite" finished-at="2023-05-24T01:02:14 IST" duration-ms="17529">
    <groups>
    </groups>
    <test started-at="2023-05-24T01:01:56 IST" name="Default test" finished-at="2023-05-24T01:02:14 IST" duration-ms="17529">
      <class name="com.iplStatTest.testcases.StatsFunctionTest">
        <test-method is-config="true" signature="setup()[pri:0, instance:com.iplStatTest.testcases.StatsFunctionTest@77192705]" started-at="2023-05-24T01:01:57 IST" name="setup" finished-at="2023-05-24T01:02:10 IST" duration-ms="13111" status="PASS">
          <reporter-output>
          </reporter-output>
        </test-method> <!-- setup -->
        <test-method signature="TC_SFF_009_MostCenturiesBtnTest()[pri:0, instance:com.iplStatTest.testcases.StatsFunctionTest@77192705]" started-at="2023-05-24T01:02:10 IST" name="TC_SFF_009_MostCenturiesBtnTest" finished-at="2023-05-24T01:02:14 IST" duration-ms="3495" status="PASS">
          <reporter-output>
          </reporter-output>
        </test-method> <!-- TC_SFF_009_MostCenturiesBtnTest -->
        <test-method is-config="true" signature="tearDown()[pri:0, instance:com.iplStatTest.testcases.StatsFunctionTest@77192705]" started-at="2023-05-24T01:02:14 IST" name="tearDown" finished-at="2023-05-24T01:02:14 IST" duration-ms="391" status="PASS">
          <reporter-output>
          </reporter-output>
        </test-method> <!-- tearDown -->
      </class> <!-- com.iplStatTest.testcases.StatsFunctionTest -->
    </test> <!-- Default test -->
  </suite> <!-- Default suite -->
</testng-results>
