<?xml version="1.0" encoding="UTF-8"?>
<!-- Generated by org.testng.reporters.JUnitXMLReporter -->
<testsuite ignored="0" hostname="DESKTOP-OQ0PQCA" failures="2" tests="44" name="Test" time="604.138" errors="0" timestamp="2023-05-24T00:44:17 IST">
  <testcase classname="com.iplStatTest.testcases.SeasonFunctionTest" name="@BeforeMethod setup" time="1.855">
    <failure type="org.openqa.selenium.SessionNotCreatedException" message="Could not start a new session. Response code 500. Message: session not created
from no such execution context: uniqueContextId not found
  (Session info: chrome=113.0.5672.127) 
Host info: host: &amp;apos;DESKTOP-OQ0PQCA&amp;apos;, ip: &amp;apos;192.168.43.14&amp;apos;
Build info: version: &amp;apos;4.9.1&amp;apos;, revision: &amp;apos;eb2032df7f&amp;apos;
System info: os.name: &amp;apos;Windows 10&amp;apos;, os.arch: &amp;apos;amd64&amp;apos;, os.version: &amp;apos;10.0&amp;apos;, java.version: &amp;apos;16.0.2&amp;apos;
Driver info: org.openqa.selenium.chrome.ChromeDriver
Command: [null, newSession {capabilities=[Capabilities {browserName: chrome, goog:chromeOptions: {args: [--remote-allow-origins=*], extensions: []}}]}]">
      <![CDATA[org.openqa.selenium.SessionNotCreatedException: Could not start a new session. Response code 500. Message: session not created
from no such execution context: uniqueContextId not found
  (Session info: chrome=113.0.5672.127) 
Host info: host: 'DESKTOP-OQ0PQCA', ip: '192.168.43.14'
Build info: version: '4.9.1', revision: 'eb2032df7f'
System info: os.name: 'Windows 10', os.arch: 'amd64', os.version: '10.0', java.version: '16.0.2'
Driver info: org.openqa.selenium.chrome.ChromeDriver
Command: [null, newSession {capabilities=[Capabilities {browserName: chrome, goog:chromeOptions: {args: [--remote-allow-origins=*], extensions: []}}]}]
at org.openqa.selenium.remote.ProtocolHandshake.createSession(ProtocolHandshake.java:136)
at org.openqa.selenium.remote.ProtocolHandshake.createSession(ProtocolHandshake.java:94)
at org.openqa.selenium.remote.ProtocolHandshake.createSession(ProtocolHandshake.java:68)
at org.openqa.selenium.remote.HttpCommandExecutor.execute(HttpCommandExecutor.java:165)
at org.openqa.selenium.remote.service.DriverCommandExecutor.invokeExecute(DriverCommandExecutor.java:183)
at org.openqa.selenium.remote.service.DriverCommandExecutor.execute(DriverCommandExecutor.java:158)
at org.openqa.selenium.remote.RemoteWebDriver.execute(RemoteWebDriver.java:543)
at org.openqa.selenium.remote.RemoteWebDriver.startSession(RemoteWebDriver.java:229)
at org.openqa.selenium.remote.RemoteWebDriver.<init>(RemoteWebDriver.java:157)
at org.openqa.selenium.chromium.ChromiumDriver.<init>(ChromiumDriver.java:101)
at org.openqa.selenium.chrome.ChromeDriver.<init>(ChromeDriver.java:88)
at org.openqa.selenium.chrome.ChromeDriver.<init>(ChromeDriver.java:84)
at org.openqa.selenium.chrome.ChromeDriver.<init>(ChromeDriver.java:52)
at com.base.BaseClass.initializeWebDriver(BaseClass.java:37)
at com.iplStatTest.testcases.SeasonFunctionTest.setup(SeasonFunctionTest.java:24)
at java.base/java.util.ArrayList.forEach(ArrayList.java:1511)
... Removed 31 stack frames]]>
    </failure>
  </testcase> <!-- @BeforeMethod setup -->
  <testcase classname="com.iplStatTest.testcases.SeasonFunctionTest" name="@AfterMethod tearDown" time="0.0">
    <skipped/>
  </testcase> <!-- @AfterMethod tearDown -->
  <testcase classname="com.iplStatTest.testcases.RecordTabTest" name="TC_RT_001_StatPage" time="0.618"/>
  <testcase classname="com.iplStatTest.testcases.RecordTabTest" name="TC_RT_002_AwardPage" time="1.375"/>
  <testcase classname="com.iplStatTest.testcases.RecordTabTest" name="TC_RT_003_RecordsPage" time="1.617"/>
  <testcase classname="com.iplStatTest.testcases.SeasonFunctionTest" name="TC_SF_001_S23" time="1.323"/>
  <testcase classname="com.iplStatTest.testcases.SeasonFunctionTest" name="TC_SF_002_S22" time="3.239"/>
  <testcase classname="com.iplStatTest.testcases.SeasonFunctionTest" name="TC_SF_003_S21" time="3.436"/>
  <testcase classname="com.iplStatTest.testcases.SeasonFunctionTest" name="TC_SF_004_S20" time="3.947"/>
  <testcase classname="com.iplStatTest.testcases.SeasonFunctionTest" name="TC_SF_005_S19" time="4.092"/>
  <testcase classname="com.iplStatTest.testcases.SeasonFunctionTest" name="TC_SF_006_S18" time="3.95"/>
  <testcase classname="com.iplStatTest.testcases.SeasonFunctionTest" name="TC_SF_007_S17" time="3.589"/>
  <testcase classname="com.iplStatTest.testcases.SeasonFunctionTest" name="TC_SF_008_S16" time="3.433"/>
  <testcase classname="com.iplStatTest.testcases.SeasonFunctionTest" name="TC_SF_009_S15" time="3.545"/>
  <testcase classname="com.iplStatTest.testcases.SeasonFunctionTest" name="TC_SF_010_S14" time="3.718"/>
  <testcase classname="com.iplStatTest.testcases.SeasonFunctionTest" name="TC_SF_011_S13" time="3.812"/>
  <testcase classname="com.iplStatTest.testcases.SeasonFunctionTest" name="TC_SF_012_S12" time="3.57"/>
  <testcase classname="com.iplStatTest.testcases.SeasonFunctionTest" name="TC_SF_013_S11" time="3.669"/>
  <testcase classname="com.iplStatTest.testcases.SeasonFunctionTest" name="TC_SF_014_S10" time="3.544"/>
  <testcase classname="com.iplStatTest.testcases.SeasonFunctionTest" name="TC_SF_015_S09" time="3.627"/>
  <testcase classname="com.iplStatTest.testcases.SeasonFunctionTest" name="TC_SF_016_S08" time="0.0">
    <skipped/>
  </testcase> <!-- TC_SF_016_S08 -->
  <testcase classname="com.iplStatTest.testcases.StatsFunctionTest" name="TC_SFF_003_OrangeCapBtnTest" time="3.301"/>
  <testcase classname="com.iplStatTest.testcases.StatsFunctionTest" name="TC_SFF_004_MostFoursBtnTest" time="3.406"/>
  <testcase classname="com.iplStatTest.testcases.StatsFunctionTest" name="TC_SFF_005_MostFoursInningsBtnTest" time="3.439"/>
  <testcase classname="com.iplStatTest.testcases.StatsFunctionTest" name="TC_SFF_006_MostSixesBtnTest" time="3.342"/>
  <testcase classname="com.iplStatTest.testcases.StatsFunctionTest" name="TC_SFF_007_MostSixesInningsBtnTest" time="3.455"/>
  <testcase classname="com.iplStatTest.testcases.StatsFunctionTest" name="TC_SFF_008_MostFiftiesBtnTest" time="3.318"/>
  <testcase classname="com.iplStatTest.testcases.StatsFunctionTest" name="TC_SFF_009_MostCenturiesBtnTest" time="3.363">
    <failure type="java.lang.AssertionError" message="expected [SHUBMAN GILL] but found [VIRAT KOHLI]">
      <![CDATA[java.lang.AssertionError: expected [SHUBMAN GILL] but found [VIRAT KOHLI]
at com.iplStatTest.testcases.StatsFunctionTest.TC_SFF_009_MostCenturiesBtnTest(StatsFunctionTest.java:95)
at java.base/java.util.ArrayList.forEach(ArrayList.java:1511)
... Removed 33 stack frames]]>
    </failure>
  </testcase> <!-- TC_SFF_009_MostCenturiesBtnTest -->
  <testcase classname="com.iplStatTest.testcases.StatsFunctionTest" name="TC_SFF_010_FastestFiftiesBtnTest" time="3.444"/>
  <testcase classname="com.iplStatTest.testcases.StatsFunctionTest" name="TC_SFF_011_FastestCenturiesBtnTest" time="3.401"/>
  <testcase classname="com.iplStatTest.testcases.StatsFunctionTest" name="TC_SFF_012_HighestScoresBtnTest" time="3.391"/>
  <testcase classname="com.iplStatTest.testcases.StatsFunctionTest" name="TC_SFF_013_BestBattingSRBtnTest" time="3.378"/>
  <testcase classname="com.iplStatTest.testcases.StatsFunctionTest" name="TC_SFF_014_BestBattingSRInningsBtnTest" time="3.474"/>
  <testcase classname="com.iplStatTest.testcases.StatsFunctionTest" name="TC_SFF_015_BestBattingAverageBtnTest" time="3.339"/>
  <testcase classname="com.iplStatTest.testcases.StatsFunctionTest" name="TC_SFF_016_PurpleCapBtnTest" time="3.405"/>
  <testcase classname="com.iplStatTest.testcases.StatsFunctionTest" name="TC_SFF_017_MostMaidensBtnTest" time="3.477"/>
  <testcase classname="com.iplStatTest.testcases.StatsFunctionTest" name="TC_SFF_018_MostDotBallsBtnTest" time="3.447"/>
  <testcase classname="com.iplStatTest.testcases.StatsFunctionTest" name="TC_SFF_019_MostDotBallsInningsBtnTest" time="3.447"/>
  <testcase classname="com.iplStatTest.testcases.StatsFunctionTest" name="TC_SFF_020_MostBestBowlingAverageBtnTest" time="3.486"/>
  <testcase classname="com.iplStatTest.testcases.StatsFunctionTest" name="TC_SFF_021_MostBestBowlingEconomyBtnTest" time="3.437"/>
  <testcase classname="com.iplStatTest.testcases.StatsFunctionTest" name="TC_SFF_022_MostBestBowlingEconomyInningsBtnTest" time="3.288">
    <failure type="java.lang.AssertionError" message="expected [BHUVNESHWAR KUMAR] but found [MOHAMMAD SHAMI]">
      <![CDATA[java.lang.AssertionError: expected [BHUVNESHWAR KUMAR] but found [MOHAMMAD SHAMI]
at com.iplStatTest.testcases.StatsFunctionTest.TC_SFF_022_MostBestBowlingEconomyInningsBtnTest(StatsFunctionTest.java:213)
at java.base/java.util.ArrayList.forEach(ArrayList.java:1511)
... Removed 33 stack frames]]>
    </failure>
  </testcase> <!-- TC_SFF_022_MostBestBowlingEconomyInningsBtnTest -->
  <testcase classname="com.iplStatTest.testcases.StatsFunctionTest" name="TC_SFF_023_MostBestBowlingStrikeRateBtnTest" time="3.475"/>
  <testcase classname="com.iplStatTest.testcases.StatsFunctionTest" name="TC_SFF_024_MostBestBowlingStrikeRateInningsBtnTest" time="3.341"/>
  <testcase classname="com.iplStatTest.testcases.StatsFunctionTest" name="TC_SFF_025_MostBestBowlingFiguresBtnTest" time="3.414"/>
  <testcase classname="com.iplStatTest.testcases.StatsFunctionTest" name="TC_SFF_026_MostRunsConcededBtnTest" time="3.521"/>
  <testcase classname="com.iplStatTest.testcases.StatsFunctionTest" name="TC_SFF_027_HatTricksBtnTest" time="3.454"/>
</testsuite> <!-- Test -->
