<?xml version="1.0" encoding="UTF-8"?>
<!-- Generated by org.testng.reporters.JUnitXMLReporter -->
<testsuite ignored="0" hostname="DESKTOP-OQ0PQCA" failures="0" tests="16" name="Default test" time="504.938" errors="0" timestamp="2023-05-22T23:29:26 IST">
  <testcase classname="com.iplStatTest.testcases.SeasonFunctionTest" name="TC_SF_001_S23" time="1.275"/>
  <testcase classname="com.iplStatTest.testcases.SeasonFunctionTest" name="TC_SF_002_S22" time="4.674"/>
  <testcase classname="com.iplStatTest.testcases.SeasonFunctionTest" name="TC_SF_003_S21" time="4.425"/>
  <testcase classname="com.iplStatTest.testcases.SeasonFunctionTest" name="TC_SF_004_S20" time="4.173"/>
  <testcase classname="com.iplStatTest.testcases.SeasonFunctionTest" name="TC_SF_005_S19" time="4.234"/>
  <testcase classname="com.iplStatTest.testcases.SeasonFunctionTest" name="TC_SF_006_S18" time="4.509"/>
  <testcase classname="com.iplStatTest.testcases.SeasonFunctionTest" name="TC_SF_007_S17" time="3.352"/>
  <testcase classname="com.iplStatTest.testcases.SeasonFunctionTest" name="TC_SF_008_S16" time="4.542"/>
  <testcase classname="com.iplStatTest.testcases.SeasonFunctionTest" name="TC_SF_009_S15" time="3.693"/>
  <testcase classname="com.iplStatTest.testcases.SeasonFunctionTest" name="TC_SF_010_S14" time="4.336"/>
  <testcase classname="com.iplStatTest.testcases.SeasonFunctionTest" name="TC_SF_011_S13" time="4.382"/>
  <testcase classname="com.iplStatTest.testcases.SeasonFunctionTest" name="TC_SF_012_S12" time="3.64"/>
  <testcase classname="com.iplStatTest.testcases.SeasonFunctionTest" name="TC_SF_013_S11" time="7.792"/>
  <testcase classname="com.iplStatTest.testcases.SeasonFunctionTest" name="TC_SF_014_S10" time="5.272"/>
  <testcase classname="com.iplStatTest.testcases.SeasonFunctionTest" name="TC_SF_015_S09" time="4.29"/>
  <testcase classname="com.iplStatTest.testcases.SeasonFunctionTest" name="TC_SF_016_S08" time="4.094"/>
</testsuite> <!-- Default test -->
