<?xml version="1.0" encoding="UTF-8"?>
<!-- Generated by org.testng.reporters.JUnitXMLReporter -->
<testsuite ignored="24" hostname="DESKTOP-OQ0PQCA" failures="0" tests="1" name="Default test" time="17.529" errors="0" timestamp="2023-05-24T01:02:14 IST">
  <testcase classname="com.iplStatTest.testcases.StatsFunctionTest" name="TC_SFF_009_MostCenturiesBtnTest" time="3.495"/>
  <testcase classname="com.iplStatTest.testcases.StatsFunctionTest" name="TC_SFF_005_MostFoursInningsBtnTest" time="0.0">
    <ignored/>
  </testcase> <!-- TC_SFF_005_MostFoursInningsBtnTest -->
  <testcase classname="com.iplStatTest.testcases.StatsFunctionTest" name="TC_SFF_008_MostFiftiesBtnTest" time="0.0">
    <ignored/>
  </testcase> <!-- TC_SFF_008_MostFiftiesBtnTest -->
  <testcase classname="com.iplStatTest.testcases.StatsFunctionTest" name="TC_SFF_014_BestBattingSRInningsBtnTest" time="0.0">
    <ignored/>
  </testcase> <!-- TC_SFF_014_BestBattingSRInningsBtnTest -->
  <testcase classname="com.iplStatTest.testcases.StatsFunctionTest" name="TC_SFF_007_MostSixesInningsBtnTest" time="0.0">
    <ignored/>
  </testcase> <!-- TC_SFF_007_MostSixesInningsBtnTest -->
  <testcase classname="com.iplStatTest.testcases.StatsFunctionTest" name="TC_SFF_013_BestBattingSRBtnTest" time="0.0">
    <ignored/>
  </testcase> <!-- TC_SFF_013_BestBattingSRBtnTest -->
  <testcase classname="com.iplStatTest.testcases.StatsFunctionTest" name="TC_SFF_015_BestBattingAverageBtnTest" time="0.0">
    <ignored/>
  </testcase> <!-- TC_SFF_015_BestBattingAverageBtnTest -->
  <testcase classname="com.iplStatTest.testcases.StatsFunctionTest" name="TC_SFF_024_MostBestBowlingStrikeRateInningsBtnTest" time="0.0">
    <ignored/>
  </testcase> <!-- TC_SFF_024_MostBestBowlingStrikeRateInningsBtnTest -->
  <testcase classname="com.iplStatTest.testcases.StatsFunctionTest" name="TC_SFF_006_MostSixesBtnTest" time="0.0">
    <ignored/>
  </testcase> <!-- TC_SFF_006_MostSixesBtnTest -->
  <testcase classname="com.iplStatTest.testcases.StatsFunctionTest" name="TC_SFF_018_MostDotBallsBtnTest" time="0.0">
    <ignored/>
  </testcase> <!-- TC_SFF_018_MostDotBallsBtnTest -->
  <testcase classname="com.iplStatTest.testcases.StatsFunctionTest" name="TC_SFF_025_MostBestBowlingFiguresBtnTest" time="0.0">
    <ignored/>
  </testcase> <!-- TC_SFF_025_MostBestBowlingFiguresBtnTest -->
  <testcase classname="com.iplStatTest.testcases.StatsFunctionTest" name="TC_SFF_026_MostRunsConcededBtnTest" time="0.0">
    <ignored/>
  </testcase> <!-- TC_SFF_026_MostRunsConcededBtnTest -->
  <testcase classname="com.iplStatTest.testcases.StatsFunctionTest" name="TC_SFF_027_HatTricksBtnTest" time="0.0">
    <ignored/>
  </testcase> <!-- TC_SFF_027_HatTricksBtnTest -->
  <testcase classname="com.iplStatTest.testcases.StatsFunctionTest" name="TC_SFF_011_FastestCenturiesBtnTest" time="0.0">
    <ignored/>
  </testcase> <!-- TC_SFF_011_FastestCenturiesBtnTest -->
  <testcase classname="com.iplStatTest.testcases.StatsFunctionTest" name="TC_SFF_016_PurpleCapBtnTest" time="0.0">
    <ignored/>
  </testcase> <!-- TC_SFF_016_PurpleCapBtnTest -->
  <testcase classname="com.iplStatTest.testcases.StatsFunctionTest" name="TC_SFF_010_FastestFiftiesBtnTest" time="0.0">
    <ignored/>
  </testcase> <!-- TC_SFF_010_FastestFiftiesBtnTest -->
  <testcase classname="com.iplStatTest.testcases.StatsFunctionTest" name="TC_SFF_004_MostFoursBtnTest" time="0.0">
    <ignored/>
  </testcase> <!-- TC_SFF_004_MostFoursBtnTest -->
  <testcase classname="com.iplStatTest.testcases.StatsFunctionTest" name="TC_SFF_022_MostBestBowlingEconomyInningsBtnTest" time="0.0">
    <ignored/>
  </testcase> <!-- TC_SFF_022_MostBestBowlingEconomyInningsBtnTest -->
  <testcase classname="com.iplStatTest.testcases.StatsFunctionTest" name="TC_SFF_019_MostDotBallsInningsBtnTest" time="0.0">
    <ignored/>
  </testcase> <!-- TC_SFF_019_MostDotBallsInningsBtnTest -->
  <testcase classname="com.iplStatTest.testcases.StatsFunctionTest" name="TC_SFF_021_MostBestBowlingEconomyBtnTest" time="0.0">
    <ignored/>
  </testcase> <!-- TC_SFF_021_MostBestBowlingEconomyBtnTest -->
  <testcase classname="com.iplStatTest.testcases.StatsFunctionTest" name="TC_SFF_017_MostMaidensBtnTest" time="0.0">
    <ignored/>
  </testcase> <!-- TC_SFF_017_MostMaidensBtnTest -->
  <testcase classname="com.iplStatTest.testcases.StatsFunctionTest" name="TC_SFF_012_HighestScoresBtnTest" time="0.0">
    <ignored/>
  </testcase> <!-- TC_SFF_012_HighestScoresBtnTest -->
  <testcase classname="com.iplStatTest.testcases.StatsFunctionTest" name="TC_SFF_020_MostBestBowlingAverageBtnTest" time="0.0">
    <ignored/>
  </testcase> <!-- TC_SFF_020_MostBestBowlingAverageBtnTest -->
  <testcase classname="com.iplStatTest.testcases.StatsFunctionTest" name="TC_SFF_003_OrangeCapBtnTest" time="0.0">
    <ignored/>
  </testcase> <!-- TC_SFF_003_OrangeCapBtnTest -->
  <testcase classname="com.iplStatTest.testcases.StatsFunctionTest" name="TC_SFF_023_MostBestBowlingStrikeRateBtnTest" time="0.0">
    <ignored/>
  </testcase> <!-- TC_SFF_023_MostBestBowlingStrikeRateBtnTest -->
</testsuite> <!-- Default test -->
